Flutter crash report.
Please report a bug at https://github.com/flutter/flutter/issues.

## command

flutter build ios

## exception

ProcessException: ProcessException: Process exited abnormally:
building file list ... done
deleting Runner.app/Frameworks/App.framework/flutter_assets/vm_snapshot_data
deleting Runner.app/Frameworks/App.framework/flutter_assets/kernel_blob.bin
deleting Runner.app/Frameworks/App.framework/flutter_assets/isolate_snapshot_data
Runner.app/
Runner.app/AppFrameworkInfo.plist
Runner.app/AppIcon60x60@2x.png
Runner.app/AppIcon76x76@2x~ipad.png
Runner.app/Assets.car
Runner.app/GoogleService-Info.plist
Runner.app/Info.plist
Runner.app/PkgInfo
Runner.app/Runner
Runner.app/car.wav
Runner.app/embedded.mobileprovision
Runner.app/Base.lproj/
Runner.app/Base.lproj/LaunchScreen.storyboardc/
Runner.app/Base.lproj/LaunchScreen.storyboardc/01J-lp-oVM-view-Ze5-6b-2t3.nib
Runner.app/Base.lproj/LaunchScreen.storyboardc/Info.plist
Runner.app/Base.lproj/LaunchScreen.storyboardc/UIViewController-01J-lp-oVM.nib
Runner.app/Base.lproj/Main.storyboardc/
Runner.app/Base.lproj/Main.storyboardc/BYZ-38-t0r-view-8bC-Xf-vdC.nib
Runner.app/Base.lproj/Main.storyboardc/Info.plist
Runner.app/Base.lproj/Main.storyboardc/UIViewController-BYZ-38-t0r.nib
Runner.app/Frameworks/
Runner.app/Frameworks/libswiftCore.dylib
Runner.app/Frameworks/libswiftCoreAudio.dylib
Runner.app/Frameworks/libswiftCoreFoundation.dylib
Runner.app/Frameworks/libswiftCoreGraphics.dylib
Runner.app/Frameworks/libswiftCoreImage.dylib
Runner.app/Frameworks/libswiftCoreLocation.dylib
Runner.app/Frameworks/libswiftCoreMedia.dylib
Runner.app/Frameworks/libswiftDarwin.dylib
Runner.app/Frameworks/libswiftDispatch.dylib
Runner.app/Frameworks/libswiftFoundation.dylib
Runner.app/Frameworks/libswiftMetal.dylib
Runner.app/Frameworks/libswiftNetwork.dylib
Runner.app/Frameworks/libswiftObjectiveC.dylib
Runner.app/Frameworks/libswiftQuartzCore.dylib
Runner.app/Frameworks/libswiftUIKit.dylib
Runner.app/Frameworks/libswiftos.dylib
Runner.app/Frameworks/App.framework/
Runner.app/Frameworks/App.framework/App
Runner.app/Frameworks/App.framework/_CodeSignature/
Runner.app/Frameworks/App.framework/_CodeSignature/CodeResources
Runner.app/Frameworks/App.framework/flutter_assets/
Runner.app/Frameworks/App.framework/flutter_assets/AssetManifest.json
Runner.app/Frameworks/App.framework/flutter_assets/FontManifest.json
Runner.app/Frameworks/App.framework/flutter_assets/NOTICES.Z
Runner.app/Frameworks/App.framework/flutter_assets/assets/
Runner.app/Frameworks/App.framework/flutter_assets/assets/cars/
Runner.app/Frameworks/App.framework/flutter_assets/assets/lang/
Runner.app/Frameworks/App.framework/flutter_assets/assets/lang/ar.json
Runner.app/Frameworks/App.framework/flutter_assets/assets/lang/en.json
Runner.app/Frameworks/App.framework/flutter_assets/assets/map/
Runner.app/Frameworks/App.framework/flutter_assets/fonts/
Runner.app/Frameworks/App.framework/flutter_assets/fonts/MaterialIcons-Regular.otf
Runner.app/Frameworks/App.framework/flutter_assets/packages/
Runner.app/Frameworks/App.framework/flutter_assets/packages/country_icons/
Runner.app/Frameworks/App.framework/flutter_assets/packages/country_icons/icons/
Runner.app/Frameworks/App.framework/flutter_assets/packages/country_icons/icons/flags/
Runner.app/Frameworks/App.framework/flutter_assets/packages/country_icons/icons/flags/png/
Runner.app/Frameworks/App.framework/flutter_assets/packages/country_icons/icons/flags/png/2.5x/
Runner.app/Frameworks/App.framework/flutter_assets/packages/country_icons/icons/flags/svg/
Runner.app/Frameworks/App.framework/flutter_assets/packages/cupertino_icons/
Runner.app/Frameworks/App.framework/flutter_assets/packages/cupertino_icons/assets/
Runner.app/Frameworks/App.framework/flutter_assets/packages/fluttertoast/
Runner.app/Frameworks/App.framework/flutter_assets/packages/fluttertoast/assets/
Runner.app/Frameworks/App.framework/flutter_assets/packages/font_awesome_flutter/
Runner.app/Frameworks/App.framework/flutter_assets/packages/font_awesome_flutter/lib/
Runner.app/Frameworks/App.framework/flutter_assets/packages/font_awesome_flutter/lib/fonts/
Runner.app/Frameworks/App.framework/flutter_assets/packages/font_awesome_flutter/lib/fonts/fa-brands-400.ttf
Runner.app/Frameworks/App.framework/flutter_assets/packages/font_awesome_flutter/lib/fonts/fa-regular-400.ttf
Runner.app/Frameworks/App.framework/flutter_assets/packages/font_awesome_flutter/lib/fonts/fa-solid-900.ttf
Runner.app/Frameworks/App.framework/flutter_assets/shaders/
Runner.app/Frameworks/App.framework/flutter_assets/shaders/ink_sparkle.frag
Runner.app/Frameworks/AppAuth.framework/
Runner.app/Frameworks/AppAuth.framework/AppAuth
Runner.app/Frameworks/AppAuth.framework/Info.plist
Runner.app/Frameworks/AppAuth.framework/_CodeSignature/
Runner.app/Frameworks/AppAuth.framework/_CodeSignature/CodeResources
Runner.app/Frameworks/FBLPromises.framework/
Runner.app/Frameworks/FBLPromises.framework/FBLPromises
Runner.app/Frameworks/FBLPromises.framework/Info.plist
Runner.app/Frameworks/FBLPromises.framework/_CodeSignature/
Runner.app/Frameworks/FBLPromises.framework/_CodeSignature/CodeResources
Runner.app/Frameworks/FirebaseAuth.framework/
Runner.app/Frameworks/FirebaseAuth.framework/FirebaseAuth
Runner.app/Frameworks/FirebaseAuth.framework/Info.plist
Runner.app/Frameworks/FirebaseAuth.framework/_CodeSignature/
Runner.app/Frameworks/FirebaseAuth.framework/_CodeSignature/CodeResources
Runner.app/Frameworks/FirebaseCore.framework/
Runner.app/Frameworks/FirebaseCore.framework/FirebaseCore
Runner.app/Frameworks/FirebaseCore.framework/Info.plist
Runner.app/Frameworks/FirebaseCore.framework/_CodeSignature/
Runner.app/Frameworks/FirebaseCore.framework/_CodeSignature/CodeResources
Runner.app/Frameworks/FirebaseCoreInternal.framework/
Runner.app/Frameworks/FirebaseCoreInternal.framework/FirebaseCoreInternal
Runner.app/Frameworks/FirebaseCoreInternal.framework/Info.plist
Runner.app/Frameworks/FirebaseCoreInternal.framework/_CodeSignature/
Runner.app/Frameworks/FirebaseCoreInternal.framework/_CodeSignature/CodeResources
Runner.app/Frameworks/FirebaseFirestore.framework/
Runner.app/Frameworks/FirebaseFirestore.framework/FirebaseFirestore

rsync: writefd_unbuffered failed to write 32768 bytes [sender]: Broken pipe (32)
rsync: write failed on "/Users/mohaberabi/development/projects/parkingfinder_for_universities/build/ios/iphoneos/Runner.app/Frameworks/FirebaseFirestore.framework/FirebaseFirestore": No space left on device (28)
rsync error: error in file IO (code 11) at /System/Volumes/Data/SWE/macOS/BuildRoots/b8ff8433dc/Library/Caches/com.apple.xbs/Sources/rsync/rsync-55/rsync/receiver.c(268) [receiver=2.6.9]
rsync: connection unexpectedly closed (26993 bytes received so far) [generator]
rsync error: error in rsync protocol data stream (code 12) at /System/Volumes/Data/SWE/macOS/BuildRoots/b8ff8433dc/Library/Caches/com.apple.xbs/Sources/rsync/rsync-55/rsync/io.c(453) [generator=2.6.9]
rsync: connection unexpectedly closed (1562 bytes received so far) [sender]
rsync error: error in rsync protocol data stream (code 12) at /System/Volumes/Data/SWE/macOS/BuildRoots/b8ff8433dc/Library/Caches/com.apple.xbs/Sources/rsync/rsync-55/rsync/io.c(453) [sender=2.6.9]
  Command: rsync -8 -av --delete /Users/mohaberabi/development/projects/parkingfinder_for_universities/build/ios/Release-iphoneos/Runner.app /Users/mohaberabi/development/projects/parkingfinder_for_universities/build/ios/iphoneos

```
#0      RunResult.throwException (package:flutter_tools/src/base/process.dart:123:5)
#1      _DefaultProcessUtils.run (package:flutter_tools/src/base/process.dart:275:19)
<asynchronous suspension>
#2      buildXcodeProject (package:flutter_tools/src/ios/mac.dart:465:9)
<asynchronous suspension>
#3      _BuildIOSSubCommand.runCommand (package:flutter_tools/src/commands/build_ios.dart:359:37)
<asynchronous suspension>
#4      FlutterCommand.run.<anonymous closure> (package:flutter_tools/src/runner/flutter_command.dart:1209:27)
<asynchronous suspension>
#5      AppContext.run.<anonymous closure> (package:flutter_tools/src/base/context.dart:150:19)
<asynchronous suspension>
#6      CommandRunner.runCommand (package:args/command_runner.dart:209:13)
<asynchronous suspension>
#7      FlutterCommandRunner.runCommand.<anonymous closure> (package:flutter_tools/src/runner/flutter_command_runner.dart:281:9)
<asynchronous suspension>
#8      AppContext.run.<anonymous closure> (package:flutter_tools/src/base/context.dart:150:19)
<asynchronous suspension>
#9      FlutterCommandRunner.runCommand (package:flutter_tools/src/runner/flutter_command_runner.dart:229:5)
<asynchronous suspension>
#10     run.<anonymous closure>.<anonymous closure> (package:flutter_tools/runner.dart:62:9)
<asynchronous suspension>
#11     AppContext.run.<anonymous closure> (package:flutter_tools/src/base/context.dart:150:19)
<asynchronous suspension>
#12     main (package:flutter_tools/executable.dart:91:3)
<asynchronous suspension>
```

## flutter doctor

```
[✓] Flutter (Channel stable, 3.3.4, on macOS 12.0.1 21A559 darwin-arm, locale en-EG)
    • Flutter version 3.3.4 on channel stable at /Users/mohaberabi/dev/flutter
    • Upstream repository https://github.com/flutter/flutter.git
    • Framework revision eb6d86ee27 (3 months ago), 2022-10-04 22:31:45 -0700
    • Engine revision c08d7d5efc
    • Dart version 2.18.2
    • DevTools version 2.15.0

[!] Android toolchain - develop for Android devices (Android SDK version 31.0.0)
    • Android SDK at /Users/mohaberabi/Library/Android/sdk
    • Platform android-33, build-tools 31.0.0
    • Java binary at: /Applications/Android Studio.app/Contents/jre/Contents/Home/bin/java
    • Java version OpenJDK Runtime Environment (build 11.0.12+0-b1504.28-7817840)
    ! Some Android licenses not accepted.  To resolve this, run: flutter doctor --android-licenses

[✓] Xcode - develop for iOS and macOS (Xcode 13.4.1)
    • Xcode at /Applications/Xcode.app/Contents/Developer
    • Build 13F100
    • CocoaPods version 1.11.3

[✓] Chrome - develop for the web
    • Chrome at /Applications/Google Chrome.app/Contents/MacOS/Google Chrome

[✓] Android Studio (version 2021.2)
    • Android Studio at /Applications/Android Studio.app/Contents
    • Flutter plugin can be installed from:
      🔨 https://plugins.jetbrains.com/plugin/9212-flutter
    • Dart plugin can be installed from:
      🔨 https://plugins.jetbrains.com/plugin/6351-dart
    • Java version OpenJDK Runtime Environment (build 11.0.12+0-b1504.28-7817840)

[✓] IntelliJ IDEA Community Edition (version 2022.2.4)
    • IntelliJ at /Applications/IntelliJ IDEA CE.app
    • Flutter plugin can be installed from:
      🔨 https://plugins.jetbrains.com/plugin/9212-flutter
    • Dart plugin version 222.4459.16

[✓] Connected device (3 available)
    • iPhone 12 (mobile) • A57DCCAD-4B27-4D58-A089-484CC3BB2740 • ios            •
      com.apple.CoreSimulator.SimRuntime.iOS-15-5 (simulator)
    • macOS (desktop)    • macos                                • darwin-arm64   • macOS 12.0.1 21A559 darwin-arm
    • Chrome (web)       • chrome                               • web-javascript • Google Chrome 108.0.5359.124

[✓] HTTP Host Availability
    • All required HTTP hosts are available

! Doctor found issues in 1 category.
```
